Build started 2013/11/14 14:56:27.
     1>Project "E:\boyangCode\minCostFlowTracking\minCostFlowTracking\minCostFlowTracking.vcxproj" on node 2 (build target(s)).
     1>InitializeBuildStatus:
         Touching "Debug\minCostFlowTracking.unsuccessfulbuild".
       ClCompile:
         c:\Program Files (x86)\Microsoft Visual Studio 10.0\VC\bin\CL.exe /c /ZI /nologo /W3 /WX- /Od /Oy- /D WIN32 /D _DEBUG /D _CONSOLE /D _UNICODE /D UNICODE /Gm /EHsc /RTC1 /MDd /GS /fp:precise /Zc:wchar_t /Zc:forScope /Fo"Debug\\" /Fd"Debug\vc100.pdb" /Gd /TP /analyze- /errorReport:prompt BallTrackingMinCostFlow.cpp
         BallTrackingMinCostFlow.cpp
     1>e:\boyangcode\mincostflowtracking\mincostflowtracking\balltrackingmincostflow.cpp(51): warning C4996: 'fopen': This function or variable may be unsafe. Consider using fopen_s instead. To disable deprecation, use _CRT_SECURE_NO_WARNINGS. See online help for details.
                 c:\program files (x86)\microsoft visual studio 10.0\vc\include\stdio.h(234) : see declaration of 'fopen'
     1>e:\boyangcode\mincostflowtracking\mincostflowtracking\balltrackingmincostflow.cpp(53): warning C4996: 'fscanf': This function or variable may be unsafe. Consider using fscanf_s instead. To disable deprecation, use _CRT_SECURE_NO_WARNINGS. See online help for details.
                 c:\program files (x86)\microsoft visual studio 10.0\vc\include\stdio.h(253) : see declaration of 'fscanf'
     1>e:\boyangcode\mincostflowtracking\mincostflowtracking\balltrackingmincostflow.cpp(76): warning C4996: 'fopen': This function or variable may be unsafe. Consider using fopen_s instead. To disable deprecation, use _CRT_SECURE_NO_WARNINGS. See online help for details.
                 c:\program files (x86)\microsoft visual studio 10.0\vc\include\stdio.h(234) : see declaration of 'fopen'
     1>e:\boyangcode\mincostflowtracking\mincostflowtracking\balltrackingmincostflow.cpp(77): warning C4996: 'fscanf': This function or variable may be unsafe. Consider using fscanf_s instead. To disable deprecation, use _CRT_SECURE_NO_WARNINGS. See online help for details.
                 c:\program files (x86)\microsoft visual studio 10.0\vc\include\stdio.h(253) : see declaration of 'fscanf'
     1>e:\boyangcode\mincostflowtracking\mincostflowtracking\balltrackingmincostflow.cpp(138): warning C4018: '<' : signed/unsigned mismatch
     1>e:\boyangcode\mincostflowtracking\mincostflowtracking\balltrackingmincostflow.cpp(164): warning C4018: '<' : signed/unsigned mismatch
     1>e:\boyangcode\mincostflowtracking\mincostflowtracking\balltrackingmincostflow.cpp(202): warning C4996: 'freopen': This function or variable may be unsafe. Consider using freopen_s instead. To disable deprecation, use _CRT_SECURE_NO_WARNINGS. See online help for details.
                 c:\program files (x86)\microsoft visual studio 10.0\vc\include\stdio.h(249) : see declaration of 'freopen'
     1>e:\boyangcode\mincostflowtracking\mincostflowtracking\balltrackingmincostflow.cpp(210): warning C4018: '<' : signed/unsigned mismatch
       ResourceCompile:
         C:\Program Files (x86)\Microsoft SDKs\Windows\v7.0A\bin\rc.exe /D _UNICODE /D UNICODE /l"0x0409" /nologo /fo"Debug\minCostFlowTracking.res" minCostFlowTracking.rc 
       ManifestResourceCompile:
         All outputs are up-to-date.
       Link:
         c:\Program Files (x86)\Microsoft Visual Studio 10.0\VC\bin\link.exe /ERRORREPORT:PROMPT /OUT:"E:\boyangCode\minCostFlowTracking\Debug\minCostFlowTracking.exe" /INCREMENTAL /NOLOGO kernel32.lib user32.lib gdi32.lib winspool.lib comdlg32.lib advapi32.lib shell32.lib ole32.lib oleaut32.lib uuid.lib odbc32.lib odbccp32.lib /MANIFEST /ManifestFile:"Debug\minCostFlowTracking.exe.intermediate.manifest" /MANIFESTUAC:"level='asInvoker' uiAccess='false'" /DEBUG /PDB:"E:\boyangCode\minCostFlowTracking\Debug\minCostFlowTracking.pdb" /SUBSYSTEM:CONSOLE /TLBID:1 /DYNAMICBASE /NXCOMPAT /IMPLIB:"E:\boyangCode\minCostFlowTracking\Debug\minCostFlowTracking.lib" /MACHINE:X86 Debug\minCostFlowTracking.res
         Debug\minCostFlowTracking.exe.embed.manifest.res
         Debug\BallTrackingMinCostFlow.obj
       Manifest:
         C:\Program Files (x86)\Microsoft SDKs\Windows\v7.0A\bin\mt.exe /nologo /verbose /out:"Debug\minCostFlowTracking.exe.embed.manifest" /manifest Debug\minCostFlowTracking.exe.intermediate.manifest
         All outputs are up-to-date.
       LinkEmbedManifest:
         All outputs are up-to-date.
         minCostFlowTracking.vcxproj -> E:\boyangCode\minCostFlowTracking\Debug\minCostFlowTracking.exe
       FinalizeBuildStatus:
         Deleting file "Debug\minCostFlowTracking.unsuccessfulbuild".
         Touching "Debug\minCostFlowTracking.lastbuildstate".
     1>Done Building Project "E:\boyangCode\minCostFlowTracking\minCostFlowTracking\minCostFlowTracking.vcxproj" (build target(s)).

Build succeeded.

Time Elapsed 00:00:13.47
